2025-12-06 14:41:35,694 INFO    MainThread:32288 [wandb_setup.py:_flush():80] Current SDK version is 0.23.1
2025-12-06 14:41:35,694 INFO    MainThread:32288 [wandb_setup.py:_flush():80] Configure stats pid to 32288
2025-12-06 14:41:35,694 INFO    MainThread:32288 [wandb_setup.py:_flush():80] Loading settings from C:\Users\bente\.config\wandb\settings
2025-12-06 14:41:35,694 INFO    MainThread:32288 [wandb_setup.py:_flush():80] Loading settings from C:\Users\bente\OneDrive\桌面\NYCU_IAII_ML2025\Ass4-LLM\src\wandb\settings
2025-12-06 14:41:35,694 INFO    MainThread:32288 [wandb_setup.py:_flush():80] Loading settings from environment variables
2025-12-06 14:41:35,694 INFO    MainThread:32288 [wandb_init.py:setup_run_log_directory():714] Logging user logs to C:\Users\bente\OneDrive\桌面\NYCU_IAII_ML2025\Ass4-LLM\src\wandb\run-20251206_144135-2oa1zp4w\logs\debug.log
2025-12-06 14:41:35,694 INFO    MainThread:32288 [wandb_init.py:setup_run_log_directory():715] Logging internal logs to C:\Users\bente\OneDrive\桌面\NYCU_IAII_ML2025\Ass4-LLM\src\wandb\run-20251206_144135-2oa1zp4w\logs\debug-internal.log
2025-12-06 14:41:35,694 INFO    MainThread:32288 [wandb_init.py:init():841] calling init triggers
2025-12-06 14:41:35,694 INFO    MainThread:32288 [wandb_init.py:init():846] wandb.init called with sweep_config: {}
config: {'stage': 'CPT', 'model_name': 'Bohanlu/Taigi-Llama-2-7B', 'learning_rate': 0.0002, 'max_steps': 1000, 'lora_r': 64, 'lora_alpha': 128, 'max_seq_length': 1024, 'batch_size': 1, 'gradient_accumulation': 16, 'vram': '8GB', '_wandb': {}}
2025-12-06 14:41:35,694 INFO    MainThread:32288 [wandb_init.py:init():889] starting backend
2025-12-06 14:41:38,032 INFO    MainThread:32288 [wandb_init.py:init():892] sending inform_init request
2025-12-06 14:41:38,051 INFO    MainThread:32288 [wandb_init.py:init():900] backend started and connected
2025-12-06 14:41:38,052 INFO    MainThread:32288 [wandb_init.py:init():970] updated telemetry
2025-12-06 14:41:38,052 INFO    MainThread:32288 [wandb_init.py:init():994] communicating run to backend with 90.0 second timeout
2025-12-06 14:41:38,785 INFO    MainThread:32288 [wandb_init.py:init():1041] starting run threads in backend
2025-12-06 14:41:38,884 INFO    MainThread:32288 [wandb_run.py:_console_start():2521] atexit reg
2025-12-06 14:41:38,885 INFO    MainThread:32288 [wandb_run.py:_redirect():2369] redirect: wrap_raw
2025-12-06 14:41:38,885 INFO    MainThread:32288 [wandb_run.py:_redirect():2438] Wrapping output streams.
2025-12-06 14:41:38,885 INFO    MainThread:32288 [wandb_run.py:_redirect():2461] Redirects installed.
2025-12-06 14:41:38,886 INFO    MainThread:32288 [wandb_init.py:init():1081] run started, returning control to user process
2025-12-06 14:42:26,934 ERROR   wandb-AsyncioManager-main:32288 [service_client.py:_forward_responses():77] Error reading server response.
Traceback (most recent call last):
  File "C:\Users\bente\miniconda3\envs\Ass4\Lib\asyncio\windows_events.py", line 494, in finish_recv
    return ov.getresult()
           ^^^^^^^^^^^^^^
OSError: [WinError 64] 指定的網路名稱無法使用。

During handling of the above exception, another exception occurred:

Traceback (most recent call last):
  File "C:\Users\bente\miniconda3\envs\Ass4\Lib\site-packages\wandb\sdk\lib\service\service_client.py", line 73, in _forward_responses
    while response := await self._read_server_response():
                      ^^^^^^^^^^^^^^^^^^^^^^^^^^^^^^^^^^
  File "C:\Users\bente\miniconda3\envs\Ass4\Lib\site-packages\wandb\sdk\lib\service\service_client.py", line 87, in _read_server_response
    header = await self._reader.readexactly(_HEADER_BYTE_INT_LEN)
             ^^^^^^^^^^^^^^^^^^^^^^^^^^^^^^^^^^^^^^^^^^^^^^^^^^^^
  File "C:\Users\bente\miniconda3\envs\Ass4\Lib\asyncio\streams.py", line 750, in readexactly
    await self._wait_for_data('readexactly')
  File "C:\Users\bente\miniconda3\envs\Ass4\Lib\asyncio\streams.py", line 543, in _wait_for_data
    await self._waiter
  File "C:\Users\bente\miniconda3\envs\Ass4\Lib\asyncio\proactor_events.py", line 286, in _loop_reading
    length = fut.result()
             ^^^^^^^^^^^^
  File "C:\Users\bente\miniconda3\envs\Ass4\Lib\asyncio\windows_events.py", line 854, in _poll
    value = callback(transferred, key, ov)
            ^^^^^^^^^^^^^^^^^^^^^^^^^^^^^^
  File "C:\Users\bente\miniconda3\envs\Ass4\Lib\asyncio\windows_events.py", line 498, in finish_recv
    raise ConnectionResetError(*exc.args)
ConnectionResetError: [WinError 64] 指定的網路名稱無法使用。
2025-12-06 14:42:26,953 INFO    wandb-AsyncioManager-main:32288 [mailbox.py:close():137] Closing mailbox, abandoning 1 handles.
